0 info it worked if it ends with ok
1 verbose cli [ '/Users/robbiewauters/.nvm/v0.10.26/bin/node',
1 verbose cli   '/Users/robbiewauters/.nvm/v0.10.26/bin/npm',
1 verbose cli   'install',
1 verbose cli   'cd',
1 verbose cli   '..' ]
2 info using npm@1.4.3
3 info using node@v0.10.26
4 warn package.json pibleno@0.0.0 No repository field.
5 warn package.json pibleno@0.0.0 No README data
6 verbose readDependencies using package.json deps
7 verbose cache add [ 'cd', null ]
8 verbose cache add name=undefined spec="cd" args=["cd",null]
9 verbose parsed url { protocol: null,
9 verbose parsed url   slashes: null,
9 verbose parsed url   auth: null,
9 verbose parsed url   host: null,
9 verbose parsed url   port: null,
9 verbose parsed url   hostname: null,
9 verbose parsed url   hash: null,
9 verbose parsed url   search: null,
9 verbose parsed url   query: null,
9 verbose parsed url   pathname: 'cd',
9 verbose parsed url   path: 'cd',
9 verbose parsed url   href: 'cd' }
10 verbose cache add [ '..', null ]
11 verbose cache add name=undefined spec=".." args=["..",null]
12 verbose parsed url { protocol: null,
12 verbose parsed url   slashes: null,
12 verbose parsed url   auth: null,
12 verbose parsed url   host: null,
12 verbose parsed url   port: null,
12 verbose parsed url   hostname: null,
12 verbose parsed url   hash: null,
12 verbose parsed url   search: null,
12 verbose parsed url   query: null,
12 verbose parsed url   pathname: '..',
12 verbose parsed url   path: '..',
12 verbose parsed url   href: '..' }
13 silly lockFile 03477819-cd cd
14 verbose lock cd /Users/robbiewauters/.npm/03477819-cd.lock
15 silly lockFile 9d891e73- ..
16 verbose lock .. /Users/robbiewauters/.npm/9d891e73-.lock
17 silly lockFile 03477819-cd cd
18 silly lockFile 03477819-cd cd
19 verbose addNamed [ 'cd', '' ]
20 verbose addNamed [ null, '*' ]
21 silly lockFile 086ccedd-cd cd@
22 verbose lock cd@ /Users/robbiewauters/.npm/086ccedd-cd.lock
23 silly lockFile 9d891e73- ..
24 silly lockFile 9d891e73- ..
25 silly addNameRange { name: 'cd', range: '*', hasData: false }
26 error addLocal Could not install ..
27 error Error: ENOENT, open '../package.json'
28 error If you need help, you may report this *entire* log,
28 error including the npm and node versions, at:
28 error     <http://github.com/npm/npm/issues>
29 error System Darwin 13.4.0
30 error command "/Users/robbiewauters/.nvm/v0.10.26/bin/node" "/Users/robbiewauters/.nvm/v0.10.26/bin/npm" "install" "cd" ".."
31 error cwd /Users/robbiewauters/Projects/WOOPI/PI/NFC2BLEonPI/app
32 error node -v v0.10.26
33 error npm -v 1.4.3
34 error path ../package.json
35 error code ENOENT
36 error errno 34
37 verbose exit [ 34, true ]
